2026-06-01 02:03:37.875 | INFO     | __main__:batch:270 - 批量下载: 3200 只股票, 20180101~20260601, 每批50只, 间隔30s, 超时30s, 重试3次
2026-06-01 02:04:07.360 | INFO     | __main__:batch:313 - 批次完成 (50/3200), 暂停 30s...
2026-06-01 02:05:07.888 | INFO     | __main__:batch:307 - [100/3200] 进度: 100 成功, 0 失败
2026-06-01 02:05:08.210 | INFO     | __main__:batch:313 - 批次完成 (100/3200), 暂停 30s...
2026-06-01 02:06:08.498 | INFO     | __main__:batch:313 - 批次完成 (150/3200), 暂停 30s...
2026-06-01 02:07:08.128 | INFO     | __main__:batch:307 - [200/3200] 进度: 200 成功, 0 失败
2026-06-01 02:07:08.499 | INFO     | __main__:batch:313 - 批次完成 (200/3200), 暂停 30s...
2026-06-01 02:08:08.295 | INFO     | __main__:batch:313 - 批次完成 (250/3200), 暂停 30s...
2026-06-01 02:09:07.743 | INFO     | __main__:batch:307 - [300/3200] 进度: 300 成功, 0 失败
2026-06-01 02:09:08.111 | INFO     | __main__:batch:313 - 批次完成 (300/3200), 暂停 30s...
2026-06-01 02:10:08.020 | INFO     | __main__:batch:313 - 批次完成 (350/3200), 暂停 30s...
2026-06-01 02:11:07.537 | INFO     | __main__:batch:307 - [400/3200] 进度: 400 成功, 0 失败
2026-06-01 02:11:07.839 | INFO     | __main__:batch:313 - 批次完成 (400/3200), 暂停 30s...
2026-06-01 02:12:08.893 | INFO     | __main__:batch:313 - 批次完成 (450/3200), 暂停 30s...
2026-06-01 02:13:08.476 | INFO     | __main__:batch:307 - [500/3200] 进度: 500 成功, 0 失败
2026-06-01 02:13:08.798 | INFO     | __main__:batch:313 - 批次完成 (500/3200), 暂停 30s...
2026-06-01 02:14:08.927 | INFO     | __main__:batch:313 - 批次完成 (550/3200), 暂停 30s...
2026-06-01 02:15:09.435 | INFO     | __main__:batch:307 - [600/3200] 进度: 600 成功, 0 失败
2026-06-01 02:15:09.737 | INFO     | __main__:batch:313 - 批次完成 (600/3200), 暂停 30s...
2026-06-01 02:16:09.487 | INFO     | __main__:batch:313 - 批次完成 (650/3200), 暂停 30s...
2026-06-01 02:17:09.356 | INFO     | __main__:batch:307 - [700/3200] 进度: 700 成功, 0 失败
2026-06-01 02:17:09.665 | INFO     | __main__:batch:313 - 批次完成 (700/3200), 暂停 30s...
2026-06-01 02:18:09.771 | INFO     | __main__:batch:313 - 批次完成 (750/3200), 暂停 30s...
2026-06-01 02:19:09.140 | INFO     | __main__:batch:307 - [800/3200] 进度: 800 成功, 0 失败
2026-06-01 02:19:09.443 | INFO     | __main__:batch:313 - 批次完成 (800/3200), 暂停 30s...
2026-06-01 02:20:09.338 | INFO     | __main__:batch:313 - 批次完成 (850/3200), 暂停 30s...
2026-06-01 02:21:09.880 | INFO     | __main__:batch:307 - [900/3200] 进度: 900 成功, 0 失败
2026-06-01 02:21:10.200 | INFO     | __main__:batch:313 - 批次完成 (900/3200), 暂停 30s...
2026-06-01 02:22:11.030 | INFO     | __main__:batch:313 - 批次完成 (950/3200), 暂停 30s...
2026-06-01 02:23:11.613 | INFO     | __main__:batch:307 - [1000/3200] 进度: 1000 成功, 0 失败
2026-06-01 02:23:11.954 | INFO     | __main__:batch:313 - 批次完成 (1000/3200), 暂停 30s...
2026-06-01 02:24:14.039 | INFO     | __main__:batch:313 - 批次完成 (1050/3200), 暂停 30s...
2026-06-01 02:25:15.149 | INFO     | __main__:batch:307 - [1100/3200] 进度: 1100 成功, 0 失败
2026-06-01 02:25:15.598 | INFO     | __main__:batch:313 - 批次完成 (1100/3200), 暂停 30s...
2026-06-01 02:26:16.496 | INFO     | __main__:batch:313 - 批次完成 (1150/3200), 暂停 30s...
2026-06-01 02:27:16.724 | INFO     | __main__:batch:307 - [1200/3200] 进度: 1200 成功, 0 失败
2026-06-01 02:27:17.028 | INFO     | __main__:batch:313 - 批次完成 (1200/3200), 暂停 30s...
2026-06-01 02:28:16.946 | INFO     | __main__:batch:313 - 批次完成 (1250/3200), 暂停 30s...
2026-06-01 02:29:16.562 | INFO     | __main__:batch:307 - [1300/3200] 进度: 1300 成功, 0 失败
2026-06-01 02:29:16.916 | INFO     | __main__:batch:313 - 批次完成 (1300/3200), 暂停 30s...
2026-06-01 02:30:16.900 | INFO     | __main__:batch:313 - 批次完成 (1350/3200), 暂停 30s...
2026-06-01 02:31:16.632 | INFO     | __main__:batch:307 - [1400/3200] 进度: 1400 成功, 0 失败
2026-06-01 02:31:16.933 | INFO     | __main__:batch:313 - 批次完成 (1400/3200), 暂停 30s...
2026-06-01 02:32:16.581 | INFO     | __main__:batch:313 - 批次完成 (1450/3200), 暂停 30s...
2026-06-01 02:33:15.967 | INFO     | __main__:batch:307 - [1500/3200] 进度: 1500 成功, 0 失败
2026-06-01 02:33:16.273 | INFO     | __main__:batch:313 - 批次完成 (1500/3200), 暂停 30s...
2026-06-01 02:34:16.576 | INFO     | __main__:batch:313 - 批次完成 (1550/3200), 暂停 30s...
2026-06-01 02:35:16.237 | INFO     | __main__:batch:307 - [1600/3200] 进度: 1600 成功, 0 失败
2026-06-01 02:35:16.559 | INFO     | __main__:batch:313 - 批次完成 (1600/3200), 暂停 30s...
2026-06-01 02:36:16.516 | INFO     | __main__:batch:313 - 批次完成 (1650/3200), 暂停 30s...
2026-06-01 02:37:18.892 | INFO     | __main__:batch:307 - [1700/3200] 进度: 1700 成功, 0 失败
2026-06-01 02:37:19.192 | INFO     | __main__:batch:313 - 批次完成 (1700/3200), 暂停 30s...
2026-06-01 02:38:19.019 | INFO     | __main__:batch:313 - 批次完成 (1750/3200), 暂停 30s...
2026-06-01 02:39:18.770 | INFO     | __main__:batch:307 - [1800/3200] 进度: 1800 成功, 0 失败
2026-06-01 02:39:19.135 | INFO     | __main__:batch:313 - 批次完成 (1800/3200), 暂停 30s...
2026-06-01 02:40:19.090 | INFO     | __main__:batch:313 - 批次完成 (1850/3200), 暂停 30s...
2026-06-01 02:41:18.672 | INFO     | __main__:batch:307 - [1900/3200] 进度: 1900 成功, 0 失败
2026-06-01 02:41:19.047 | INFO     | __main__:batch:313 - 批次完成 (1900/3200), 暂停 30s...
2026-06-01 02:42:18.964 | INFO     | __main__:batch:313 - 批次完成 (1950/3200), 暂停 30s...
2026-06-01 02:43:20.971 | INFO     | __main__:batch:307 - [2000/3200] 进度: 2000 成功, 0 失败
2026-06-01 02:43:21.306 | INFO     | __main__:batch:313 - 批次完成 (2000/3200), 暂停 30s...
2026-06-01 02:44:21.302 | INFO     | __main__:batch:313 - 批次完成 (2050/3200), 暂停 30s...
2026-06-01 02:45:22.663 | INFO     | __main__:batch:307 - [2100/3200] 进度: 2100 成功, 0 失败
2026-06-01 02:45:23.015 | INFO     | __main__:batch:313 - 批次完成 (2100/3200), 暂停 30s...
2026-06-01 02:46:23.240 | INFO     | __main__:batch:313 - 批次完成 (2150/3200), 暂停 30s...
2026-06-01 02:47:22.925 | INFO     | __main__:batch:307 - [2200/3200] 进度: 2200 成功, 0 失败
2026-06-01 02:47:23.230 | INFO     | __main__:batch:313 - 批次完成 (2200/3200), 暂停 30s...
2026-06-01 02:48:23.262 | INFO     | __main__:batch:313 - 批次完成 (2250/3200), 暂停 30s...
2026-06-01 02:49:22.865 | INFO     | __main__:batch:307 - [2300/3200] 进度: 2300 成功, 0 失败
2026-06-01 02:49:23.205 | INFO     | __main__:batch:313 - 批次完成 (2300/3200), 暂停 30s...
2026-06-01 02:50:23.127 | INFO     | __main__:batch:313 - 批次完成 (2350/3200), 暂停 30s...
2026-06-01 02:51:22.713 | INFO     | __main__:batch:307 - [2400/3200] 进度: 2400 成功, 0 失败
2026-06-01 02:51:23.013 | INFO     | __main__:batch:313 - 批次完成 (2400/3200), 暂停 30s...
2026-06-01 02:52:23.917 | INFO     | __main__:batch:313 - 批次完成 (2450/3200), 暂停 30s...
2026-06-01 02:53:23.570 | INFO     | __main__:batch:307 - [2500/3200] 进度: 2500 成功, 0 失败
2026-06-01 02:53:23.902 | INFO     | __main__:batch:313 - 批次完成 (2500/3200), 暂停 30s...
2026-06-01 02:54:24.153 | INFO     | __main__:batch:313 - 批次完成 (2550/3200), 暂停 30s...
2026-06-01 02:55:24.286 | INFO     | __main__:batch:307 - [2600/3200] 进度: 2600 成功, 0 失败
2026-06-01 02:55:24.604 | INFO     | __main__:batch:313 - 批次完成 (2600/3200), 暂停 30s...
2026-06-01 02:56:25.473 | INFO     | __main__:batch:313 - 批次完成 (2650/3200), 暂停 30s...
2026-06-01 02:57:26.087 | INFO     | __main__:batch:307 - [2700/3200] 进度: 2700 成功, 0 失败
2026-06-01 02:57:26.389 | INFO     | __main__:batch:313 - 批次完成 (2700/3200), 暂停 30s...
2026-06-01 02:58:25.980 | INFO     | __main__:batch:313 - 批次完成 (2750/3200), 暂停 30s...
2026-06-01 02:59:25.416 | INFO     | __main__:batch:307 - [2800/3200] 进度: 2800 成功, 0 失败
2026-06-01 02:59:25.747 | INFO     | __main__:batch:313 - 批次完成 (2800/3200), 暂停 30s...
2026-06-01 03:00:26.877 | INFO     | __main__:batch:313 - 批次完成 (2850/3200), 暂停 30s...
2026-06-01 03:01:26.037 | INFO     | __main__:batch:307 - [2900/3200] 进度: 2900 成功, 0 失败
2026-06-01 03:01:26.344 | INFO     | __main__:batch:313 - 批次完成 (2900/3200), 暂停 30s...
2026-06-01 03:02:25.431 | INFO     | __main__:batch:313 - 批次完成 (2950/3200), 暂停 30s...
2026-06-01 03:03:23.489 | INFO     | __main__:batch:307 - [3000/3200] 进度: 3000 成功, 0 失败
2026-06-01 03:03:23.837 | INFO     | __main__:batch:313 - 批次完成 (3000/3200), 暂停 30s...
2026-06-01 03:04:22.636 | INFO     | __main__:batch:313 - 批次完成 (3050/3200), 暂停 30s...
2026-06-01 03:05:20.377 | INFO     | __main__:batch:307 - [3100/3200] 进度: 3100 成功, 0 失败
2026-06-01 03:05:20.748 | INFO     | __main__:batch:313 - 批次完成 (3100/3200), 暂停 30s...
2026-06-01 03:06:21.589 | INFO     | __main__:batch:313 - 批次完成 (3150/3200), 暂停 30s...
2026-06-01 03:07:20.454 | INFO     | __main__:batch:307 - [3200/3200] 进度: 3200 成功, 0 失败
2026-06-01 03:07:20.900 | INFO     | __main__:batch:316 - 全部完成: 3200 成功, 0 失败
2026-06-01 03:10:50.677 | INFO     | __main__:batch:270 - 批量下载: 3200 只股票, 20240101~20260601, 每批100只, 间隔5s, 超时30s, 重试3次
2026-06-01 03:11:23.375 | INFO     | __main__:batch:307 - [100/3200] 进度: 100 成功, 0 失败
2026-06-01 03:11:23.495 | INFO     | __main__:batch:313 - 批次完成 (100/3200), 暂停 5s...
2026-06-01 03:12:00.736 | INFO     | __main__:batch:307 - [200/3200] 进度: 200 成功, 0 失败
2026-06-01 03:12:00.911 | INFO     | __main__:batch:313 - 批次完成 (200/3200), 暂停 5s...
2026-06-01 03:12:38.236 | INFO     | __main__:batch:307 - [300/3200] 进度: 300 成功, 0 失败
2026-06-01 03:12:38.343 | INFO     | __main__:batch:313 - 批次完成 (300/3200), 暂停 5s...
2026-06-01 03:13:15.757 | INFO     | __main__:batch:307 - [400/3200] 进度: 400 成功, 0 失败
2026-06-01 03:13:15.899 | INFO     | __main__:batch:313 - 批次完成 (400/3200), 暂停 5s...
2026-06-01 03:13:52.850 | INFO     | __main__:batch:307 - [500/3200] 进度: 500 成功, 0 失败
2026-06-01 03:13:52.957 | INFO     | __main__:batch:313 - 批次完成 (500/3200), 暂停 5s...
2026-06-01 03:14:31.171 | INFO     | __main__:batch:307 - [600/3200] 进度: 600 成功, 0 失败
2026-06-01 03:14:31.299 | INFO     | __main__:batch:313 - 批次完成 (600/3200), 暂停 5s...
2026-06-01 03:15:09.593 | INFO     | __main__:batch:307 - [700/3200] 进度: 700 成功, 0 失败
2026-06-01 03:15:09.708 | INFO     | __main__:batch:313 - 批次完成 (700/3200), 暂停 5s...
2026-06-01 03:15:47.589 | INFO     | __main__:batch:307 - [800/3200] 进度: 800 成功, 0 失败
2026-06-01 03:15:47.759 | INFO     | __main__:batch:313 - 批次完成 (800/3200), 暂停 5s...
2026-06-01 03:16:44.734 | INFO     | __main__:batch:270 - 批量下载: 3200 只股票, 20240101~20260601, 每批100只, 间隔5s, 超时30s, 重试3次
2026-06-01 03:17:16.844 | INFO     | __main__:batch:307 - [100/3200] 进度: 100 成功, 0 失败
2026-06-01 03:17:16.966 | INFO     | __main__:batch:313 - 批次完成 (100/3200), 暂停 5s...
2026-06-01 03:17:54.402 | INFO     | __main__:batch:307 - [200/3200] 进度: 200 成功, 0 失败
2026-06-01 03:17:54.519 | INFO     | __main__:batch:313 - 批次完成 (200/3200), 暂停 5s...
2026-06-01 03:18:32.085 | INFO     | __main__:batch:307 - [300/3200] 进度: 300 成功, 0 失败
2026-06-01 03:18:32.229 | INFO     | __main__:batch:313 - 批次完成 (300/3200), 暂停 5s...
2026-06-01 03:19:09.577 | INFO     | __main__:batch:307 - [400/3200] 进度: 400 成功, 0 失败
2026-06-01 03:19:09.734 | INFO     | __main__:batch:313 - 批次完成 (400/3200), 暂停 5s...
2026-06-01 03:19:47.073 | INFO     | __main__:batch:307 - [500/3200] 进度: 500 成功, 0 失败
2026-06-01 03:19:47.195 | INFO     | __main__:batch:313 - 批次完成 (500/3200), 暂停 5s...
2026-06-01 03:20:24.673 | INFO     | __main__:batch:307 - [600/3200] 进度: 600 成功, 0 失败
2026-06-01 03:20:24.830 | INFO     | __main__:batch:313 - 批次完成 (600/3200), 暂停 5s...
2026-06-01 03:21:02.134 | INFO     | __main__:batch:307 - [700/3200] 进度: 700 成功, 0 失败
2026-06-01 03:21:02.239 | INFO     | __main__:batch:313 - 批次完成 (700/3200), 暂停 5s...
2026-06-01 03:21:39.713 | INFO     | __main__:batch:307 - [800/3200] 进度: 800 成功, 0 失败
2026-06-01 03:21:39.853 | INFO     | __main__:batch:313 - 批次完成 (800/3200), 暂停 5s...
2026-06-01 03:22:17.859 | INFO     | __main__:batch:307 - [900/3200] 进度: 900 成功, 0 失败
2026-06-01 03:22:17.980 | INFO     | __main__:batch:313 - 批次完成 (900/3200), 暂停 5s...
2026-06-01 03:22:55.289 | INFO     | __main__:batch:307 - [1000/3200] 进度: 1000 成功, 0 失败
2026-06-01 03:22:55.429 | INFO     | __main__:batch:313 - 批次完成 (1000/3200), 暂停 5s...
2026-06-01 03:23:32.629 | INFO     | __main__:batch:307 - [1100/3200] 进度: 1100 成功, 0 失败
2026-06-01 03:23:32.732 | INFO     | __main__:batch:313 - 批次完成 (1100/3200), 暂停 5s...
2026-06-01 03:24:09.927 | INFO     | __main__:batch:307 - [1200/3200] 进度: 1200 成功, 0 失败
2026-06-01 03:24:10.079 | INFO     | __main__:batch:313 - 批次完成 (1200/3200), 暂停 5s...
2026-06-01 03:24:47.362 | INFO     | __main__:batch:307 - [1300/3200] 进度: 1300 成功, 0 失败
2026-06-01 03:24:47.463 | INFO     | __main__:batch:313 - 批次完成 (1300/3200), 暂停 5s...
2026-06-01 03:25:24.688 | INFO     | __main__:batch:307 - [1400/3200] 进度: 1400 成功, 0 失败
2026-06-01 03:25:24.836 | INFO     | __main__:batch:313 - 批次完成 (1400/3200), 暂停 5s...
2026-06-01 03:26:02.138 | INFO     | __main__:batch:307 - [1500/3200] 进度: 1500 成功, 0 失败
2026-06-01 03:26:02.252 | INFO     | __main__:batch:313 - 批次完成 (1500/3200), 暂停 5s...
2026-06-01 03:26:39.426 | INFO     | __main__:batch:307 - [1600/3200] 进度: 1600 成功, 0 失败
2026-06-01 03:26:39.590 | INFO     | __main__:batch:313 - 批次完成 (1600/3200), 暂停 5s...
2026-06-01 03:39:51.283 | INFO     | __main__:batch:270 - 批量下载: 3200 只股票, 20240101~20260601, 每批100只, 间隔5s, 超时30s, 重试3次
2026-06-01 03:40:24.307 | INFO     | __main__:batch:307 - [100/3200] 进度: 100 成功, 0 失败
2026-06-01 03:40:24.413 | INFO     | __main__:batch:313 - 批次完成 (100/3200), 暂停 5s...
2026-06-01 03:41:02.693 | INFO     | __main__:batch:307 - [200/3200] 进度: 200 成功, 0 失败
2026-06-01 03:41:02.803 | INFO     | __main__:batch:313 - 批次完成 (200/3200), 暂停 5s...
2026-06-01 03:41:41.153 | INFO     | __main__:batch:307 - [300/3200] 进度: 300 成功, 0 失败
2026-06-01 03:41:41.258 | INFO     | __main__:batch:313 - 批次完成 (300/3200), 暂停 5s...
2026-06-01 03:42:19.900 | INFO     | __main__:batch:307 - [400/3200] 进度: 400 成功, 0 失败
2026-06-01 03:42:20.004 | INFO     | __main__:batch:313 - 批次完成 (400/3200), 暂停 5s...
2026-06-01 03:42:58.811 | INFO     | __main__:batch:307 - [500/3200] 进度: 500 成功, 0 失败
2026-06-01 03:42:58.931 | INFO     | __main__:batch:313 - 批次完成 (500/3200), 暂停 5s...
2026-06-01 03:43:37.585 | INFO     | __main__:batch:307 - [600/3200] 进度: 600 成功, 0 失败
2026-06-01 03:43:37.760 | INFO     | __main__:batch:313 - 批次完成 (600/3200), 暂停 5s...
2026-06-01 03:44:15.959 | INFO     | __main__:batch:307 - [700/3200] 进度: 700 成功, 0 失败
2026-06-01 03:44:16.089 | INFO     | __main__:batch:313 - 批次完成 (700/3200), 暂停 5s...
2026-06-01 16:30:18.628 | INFO     | __main__:batch:270 - 批量下载: 3200 只股票, 20260525~20260601, 每批100只, 间隔5s, 超时30s, 重试3次
2026-06-01 16:30:20.296 | WARNING  | __main__:batch:286 - [3/3200] 000004.SZ: 无数据
2026-06-01 16:31:13.348 | INFO     | __main__:batch:307 - [100/3200] 进度: 99 成功, 1 失败
2026-06-01 16:31:13.518 | INFO     | __main__:batch:313 - 批次完成 (100/3200), 暂停 5s...
2026-06-01 16:31:56.891 | WARNING  | __main__:batch:286 - [187/3200] 000638.SZ: 无数据
2026-06-01 16:32:02.254 | INFO     | __main__:batch:307 - [200/3200] 进度: 198 成功, 2 失败
2026-06-01 16:32:02.355 | INFO     | __main__:batch:313 - 批次完成 (200/3200), 暂停 5s...
2026-06-01 16:32:52.693 | INFO     | __main__:batch:307 - [300/3200] 进度: 298 成功, 2 失败
2026-06-01 16:32:52.940 | INFO     | __main__:batch:313 - 批次完成 (300/3200), 暂停 5s...
2026-06-01 16:33:35.495 | INFO     | __main__:batch:307 - [400/3200] 进度: 398 成功, 2 失败
2026-06-01 16:33:35.745 | INFO     | __main__:batch:313 - 批次完成 (400/3200), 暂停 5s...
2026-06-01 16:34:16.012 | INFO     | __main__:batch:307 - [500/3200] 进度: 498 成功, 2 失败
2026-06-01 16:34:16.174 | INFO     | __main__:batch:313 - 批次完成 (500/3200), 暂停 5s...
2026-06-01 16:34:38.118 | WARNING  | __main__:batch:286 - [554/3200] 600193.SH: 无数据
2026-06-01 16:34:53.080 | INFO     | __main__:batch:307 - [600/3200] 进度: 597 成功, 3 失败
2026-06-01 16:34:53.327 | INFO     | __main__:batch:313 - 批次完成 (600/3200), 暂停 5s...
2026-06-01 16:35:30.619 | INFO     | __main__:batch:307 - [700/3200] 进度: 697 成功, 3 失败
2026-06-01 16:35:30.868 | INFO     | __main__:batch:313 - 批次完成 (700/3200), 暂停 5s...
2026-06-01 16:36:10.171 | INFO     | __main__:batch:307 - [800/3200] 进度: 797 成功, 3 失败
2026-06-01 16:36:10.376 | INFO     | __main__:batch:313 - 批次完成 (800/3200), 暂停 5s...
2026-06-01 16:36:35.349 | WARNING  | __main__:batch:286 - [861/3200] 600608.SH: 无数据
2026-06-01 16:36:47.851 | INFO     | __main__:batch:307 - [900/3200] 进度: 896 成功, 4 失败
2026-06-01 16:36:48.102 | INFO     | __main__:batch:313 - 批次完成 (900/3200), 暂停 5s...
2026-06-01 16:37:27.846 | INFO     | __main__:batch:307 - [1000/3200] 进度: 996 成功, 4 失败
2026-06-01 16:37:28.085 | INFO     | __main__:batch:313 - 批次完成 (1000/3200), 暂停 5s...
2026-06-01 16:38:06.210 | INFO     | __main__:batch:307 - [1100/3200] 进度: 1096 成功, 4 失败
2026-06-01 16:38:06.391 | INFO     | __main__:batch:313 - 批次完成 (1100/3200), 暂停 5s...
2026-06-01 16:38:47.168 | INFO     | __main__:batch:307 - [1200/3200] 进度: 1196 成功, 4 失败
2026-06-01 16:38:47.316 | INFO     | __main__:batch:313 - 批次完成 (1200/3200), 暂停 5s...
2026-06-01 16:39:26.846 | INFO     | __main__:batch:307 - [1300/3200] 进度: 1296 成功, 4 失败
2026-06-01 16:39:27.096 | INFO     | __main__:batch:313 - 批次完成 (1300/3200), 暂停 5s...
2026-06-01 16:40:07.679 | INFO     | __main__:batch:307 - [1400/3200] 进度: 1396 成功, 4 失败
2026-06-01 16:40:07.925 | INFO     | __main__:batch:313 - 批次完成 (1400/3200), 暂停 5s...
2026-06-02 16:30:10.030 | INFO     | __main__:batch:270 - 批量下载: 3200 只股票, 20260526~20260602, 每批100只, 间隔5s, 超时30s, 重试3次
2026-06-02 16:30:10.873 | WARNING  | __main__:batch:286 - [3/3200] 000004.SZ: 无数据
2026-06-02 16:30:52.545 | INFO     | __main__:batch:307 - [100/3200] 进度: 99 成功, 1 失败
2026-06-02 16:30:52.791 | INFO     | __main__:batch:313 - 批次完成 (100/3200), 暂停 5s...
2026-06-02 16:31:33.034 | WARNING  | __main__:batch:286 - [187/3200] 000638.SZ: 无数据
2026-06-02 16:31:36.977 | INFO     | __main__:batch:307 - [200/3200] 进度: 198 成功, 2 失败
2026-06-02 16:31:37.227 | INFO     | __main__:batch:313 - 批次完成 (200/3200), 暂停 5s...
2026-06-02 16:32:17.955 | INFO     | __main__:batch:307 - [300/3200] 进度: 298 成功, 2 失败
2026-06-02 16:32:18.205 | INFO     | __main__:batch:313 - 批次完成 (300/3200), 暂停 5s...
2026-06-02 16:32:57.750 | INFO     | __main__:batch:307 - [400/3200] 进度: 398 成功, 2 失败
2026-06-02 16:32:57.864 | INFO     | __main__:batch:313 - 批次完成 (400/3200), 暂停 5s...
2026-06-02 16:33:35.097 | INFO     | __main__:batch:307 - [500/3200] 进度: 498 成功, 2 失败
2026-06-02 16:33:35.347 | INFO     | __main__:batch:313 - 批次完成 (500/3200), 暂停 5s...
2026-06-02 16:33:57.671 | WARNING  | __main__:batch:286 - [554/3200] 600193.SH: 无数据
2026-06-02 16:34:11.629 | INFO     | __main__:batch:307 - [600/3200] 进度: 597 成功, 3 失败
2026-06-02 16:34:11.852 | INFO     | __main__:batch:313 - 批次完成 (600/3200), 暂停 5s...
2026-06-02 16:34:46.934 | INFO     | __main__:batch:307 - [700/3200] 进度: 697 成功, 3 失败
2026-06-02 16:34:47.086 | INFO     | __main__:batch:313 - 批次完成 (700/3200), 暂停 5s...
2026-06-02 16:35:23.889 | INFO     | __main__:batch:307 - [800/3200] 进度: 797 成功, 3 失败
2026-06-02 16:35:24.000 | INFO     | __main__:batch:313 - 批次完成 (800/3200), 暂停 5s...
2026-06-02 16:35:48.035 | WARNING  | __main__:batch:286 - [861/3200] 600608.SH: 无数据
2026-06-02 16:35:59.979 | INFO     | __main__:batch:307 - [900/3200] 进度: 896 成功, 4 失败
2026-06-02 16:36:00.229 | INFO     | __main__:batch:313 - 批次完成 (900/3200), 暂停 5s...
2026-06-02 16:36:36.843 | INFO     | __main__:batch:307 - [1000/3200] 进度: 996 成功, 4 失败
2026-06-02 16:36:37.070 | INFO     | __main__:batch:313 - 批次完成 (1000/3200), 暂停 5s...
2026-06-02 16:37:13.357 | INFO     | __main__:batch:307 - [1100/3200] 进度: 1096 成功, 4 失败
2026-06-02 16:37:13.519 | INFO     | __main__:batch:313 - 批次完成 (1100/3200), 暂停 5s...
2026-06-02 16:37:49.087 | INFO     | __main__:batch:307 - [1200/3200] 进度: 1196 成功, 4 失败
2026-06-02 16:37:49.296 | INFO     | __main__:batch:313 - 批次完成 (1200/3200), 暂停 5s...
2026-06-02 16:38:24.996 | INFO     | __main__:batch:307 - [1300/3200] 进度: 1296 成功, 4 失败
2026-06-02 16:38:25.241 | INFO     | __main__:batch:313 - 批次完成 (1300/3200), 暂停 5s...
2026-06-02 16:39:00.656 | INFO     | __main__:batch:307 - [1400/3200] 进度: 1396 成功, 4 失败
2026-06-02 16:39:00.780 | INFO     | __main__:batch:313 - 批次完成 (1400/3200), 暂停 5s...
2026-06-02 16:39:37.671 | INFO     | __main__:batch:307 - [1500/3200] 进度: 1496 成功, 4 失败
2026-06-02 16:39:37.849 | INFO     | __main__:batch:313 - 批次完成 (1500/3200), 暂停 5s...
2026-06-03 16:30:17.599 | INFO     | __main__:batch:270 - 批量下载: 3200 只股票, 20260527~20260603, 每批100只, 间隔5s, 超时30s, 重试3次
2026-06-03 16:30:20.905 | WARNING  | __main__:batch:286 - [3/3200] 000004.SZ: 无数据
2026-06-03 16:31:05.877 | INFO     | __main__:batch:307 - [100/3200] 进度: 99 成功, 1 失败
2026-06-03 16:31:06.126 | INFO     | __main__:batch:313 - 批次完成 (100/3200), 暂停 5s...
2026-06-03 16:31:54.642 | WARNING  | __main__:batch:286 - [187/3200] 000638.SZ: 无数据
2026-06-03 16:31:59.164 | INFO     | __main__:batch:307 - [200/3200] 进度: 198 成功, 2 失败
2026-06-03 16:31:59.380 | INFO     | __main__:batch:313 - 批次完成 (200/3200), 暂停 5s...
2026-06-03 16:32:50.423 | INFO     | __main__:batch:307 - [300/3200] 进度: 298 成功, 2 失败
2026-06-03 16:32:50.666 | INFO     | __main__:batch:313 - 批次完成 (300/3200), 暂停 5s...
2026-06-03 16:33:34.026 | INFO     | __main__:batch:307 - [400/3200] 进度: 398 成功, 2 失败
2026-06-03 16:33:34.276 | INFO     | __main__:batch:313 - 批次完成 (400/3200), 暂停 5s...
2026-06-03 16:34:12.694 | INFO     | __main__:batch:307 - [500/3200] 进度: 498 成功, 2 失败
2026-06-03 16:34:12.806 | INFO     | __main__:batch:313 - 批次完成 (500/3200), 暂停 5s...
2026-06-03 16:34:35.518 | WARNING  | __main__:batch:286 - [554/3200] 600193.SH: 无数据
2026-06-03 16:34:51.591 | INFO     | __main__:batch:307 - [600/3200] 进度: 597 成功, 3 失败
2026-06-03 16:34:51.733 | INFO     | __main__:batch:313 - 批次完成 (600/3200), 暂停 5s...
2026-06-03 16:35:29.566 | INFO     | __main__:batch:307 - [700/3200] 进度: 697 成功, 3 失败
2026-06-03 16:35:29.816 | INFO     | __main__:batch:313 - 批次完成 (700/3200), 暂停 5s...
2026-06-03 16:36:09.065 | INFO     | __main__:batch:307 - [800/3200] 进度: 797 成功, 3 失败
2026-06-03 16:36:09.169 | INFO     | __main__:batch:313 - 批次完成 (800/3200), 暂停 5s...
2026-06-03 16:36:34.913 | WARNING  | __main__:batch:286 - [861/3200] 600608.SH: 无数据
2026-06-03 16:36:48.258 | INFO     | __main__:batch:307 - [900/3200] 进度: 896 成功, 4 失败
2026-06-03 16:36:48.369 | INFO     | __main__:batch:313 - 批次完成 (900/3200), 暂停 5s...
2026-06-03 16:37:27.615 | INFO     | __main__:batch:307 - [1000/3200] 进度: 996 成功, 4 失败
2026-06-03 16:37:27.758 | INFO     | __main__:batch:313 - 批次完成 (1000/3200), 暂停 5s...
2026-06-03 16:38:07.029 | INFO     | __main__:batch:307 - [1100/3200] 进度: 1096 成功, 4 失败
2026-06-03 16:38:07.151 | INFO     | __main__:batch:313 - 批次完成 (1100/3200), 暂停 5s...
2026-06-03 16:38:44.819 | INFO     | __main__:batch:307 - [1200/3200] 进度: 1196 成功, 4 失败
2026-06-03 16:38:44.931 | INFO     | __main__:batch:313 - 批次完成 (1200/3200), 暂停 5s...
2026-06-03 16:39:23.263 | INFO     | __main__:batch:307 - [1300/3200] 进度: 1296 成功, 4 失败
2026-06-03 16:39:23.394 | INFO     | __main__:batch:313 - 批次完成 (1300/3200), 暂停 5s...
2026-06-03 16:40:02.881 | INFO     | __main__:batch:307 - [1400/3200] 进度: 1396 成功, 4 失败
2026-06-03 16:40:03.036 | INFO     | __main__:batch:313 - 批次完成 (1400/3200), 暂停 5s...
2026-06-04 16:30:30.842 | INFO     | __main__:batch:270 - 批量下载: 3200 只股票, 20260528~20260604, 每批100只, 间隔5s, 超时30s, 重试3次
2026-06-04 16:30:31.900 | WARNING  | __main__:batch:286 - [3/3200] 000004.SZ: 无数据
2026-06-04 16:31:21.838 | INFO     | __main__:batch:307 - [100/3200] 进度: 99 成功, 1 失败
2026-06-04 16:31:21.986 | INFO     | __main__:batch:313 - 批次完成 (100/3200), 暂停 5s...
2026-06-04 16:32:02.511 | WARNING  | __main__:batch:286 - [187/3200] 000638.SZ: 无数据
2026-06-04 16:32:07.757 | INFO     | __main__:batch:307 - [200/3200] 进度: 198 成功, 2 失败
2026-06-04 16:32:07.885 | INFO     | __main__:batch:313 - 批次完成 (200/3200), 暂停 5s...
2026-06-04 16:32:50.709 | INFO     | __main__:batch:307 - [300/3200] 进度: 298 成功, 2 失败
2026-06-04 16:32:50.847 | INFO     | __main__:batch:313 - 批次完成 (300/3200), 暂停 5s...
2026-06-04 16:33:32.661 | INFO     | __main__:batch:307 - [400/3200] 进度: 398 成功, 2 失败
2026-06-04 16:33:32.785 | INFO     | __main__:batch:313 - 批次完成 (400/3200), 暂停 5s...
2026-06-04 16:34:14.202 | INFO     | __main__:batch:307 - [500/3200] 进度: 498 成功, 2 失败
2026-06-04 16:34:14.347 | INFO     | __main__:batch:313 - 批次完成 (500/3200), 暂停 5s...
2026-06-04 16:34:38.756 | WARNING  | __main__:batch:286 - [554/3200] 600193.SH: 无数据
2026-06-04 16:34:56.294 | INFO     | __main__:batch:307 - [600/3200] 进度: 597 成功, 3 失败
2026-06-04 16:34:56.399 | INFO     | __main__:batch:313 - 批次完成 (600/3200), 暂停 5s...
2026-06-04 16:35:35.201 | INFO     | __main__:batch:307 - [700/3200] 进度: 697 成功, 3 失败
2026-06-04 16:35:35.428 | INFO     | __main__:batch:313 - 批次完成 (700/3200), 暂停 5s...
2026-06-04 16:36:15.464 | INFO     | __main__:batch:307 - [800/3200] 进度: 797 成功, 3 失败
2026-06-04 16:36:15.714 | INFO     | __main__:batch:313 - 批次完成 (800/3200), 暂停 5s...
2026-06-04 16:36:42.073 | WARNING  | __main__:batch:286 - [861/3200] 600608.SH: 无数据
2026-06-04 16:36:55.192 | INFO     | __main__:batch:307 - [900/3200] 进度: 896 成功, 4 失败
2026-06-04 16:36:55.442 | INFO     | __main__:batch:313 - 批次完成 (900/3200), 暂停 5s...
2026-06-04 16:37:33.645 | INFO     | __main__:batch:307 - [1000/3200] 进度: 996 成功, 4 失败
2026-06-04 16:37:33.795 | INFO     | __main__:batch:313 - 批次完成 (1000/3200), 暂停 5s...
2026-06-04 16:38:12.441 | INFO     | __main__:batch:307 - [1100/3200] 进度: 1096 成功, 4 失败
2026-06-04 16:38:12.561 | INFO     | __main__:batch:313 - 批次完成 (1100/3200), 暂停 5s...
2026-06-04 16:38:52.706 | INFO     | __main__:batch:307 - [1200/3200] 进度: 1196 成功, 4 失败
2026-06-04 16:38:52.826 | INFO     | __main__:batch:313 - 批次完成 (1200/3200), 暂停 5s...
2026-06-04 16:39:32.573 | INFO     | __main__:batch:307 - [1300/3200] 进度: 1296 成功, 4 失败
2026-06-04 16:39:32.774 | INFO     | __main__:batch:313 - 批次完成 (1300/3200), 暂停 5s...
2026-06-04 16:40:21.823 | INFO     | __main__:batch:307 - [1400/3200] 进度: 1396 成功, 4 失败
2026-06-04 16:40:21.924 | INFO     | __main__:batch:313 - 批次完成 (1400/3200), 暂停 5s...
2026-06-05 16:30:11.067 | INFO     | __main__:batch:270 - 批量下载: 3200 只股票, 20260529~20260605, 每批100只, 间隔5s, 超时30s, 重试3次
2026-06-05 16:30:11.842 | WARNING  | __main__:batch:286 - [3/3200] 000004.SZ: 无数据
2026-06-05 16:30:53.065 | INFO     | __main__:batch:307 - [100/3200] 进度: 99 成功, 1 失败
2026-06-05 16:30:53.315 | INFO     | __main__:batch:313 - 批次完成 (100/3200), 暂停 5s...
2026-06-05 16:31:28.493 | WARNING  | __main__:batch:286 - [187/3200] 000638.SZ: 无数据
2026-06-05 16:31:33.408 | INFO     | __main__:batch:307 - [200/3200] 进度: 198 成功, 2 失败
2026-06-05 16:31:33.556 | INFO     | __main__:batch:313 - 批次完成 (200/3200), 暂停 5s...
2026-06-05 16:32:12.704 | INFO     | __main__:batch:307 - [300/3200] 进度: 298 成功, 2 失败
2026-06-05 16:32:12.853 | INFO     | __main__:batch:313 - 批次完成 (300/3200), 暂停 5s...
2026-06-05 16:32:50.643 | INFO     | __main__:batch:307 - [400/3200] 进度: 398 成功, 2 失败
2026-06-05 16:32:50.839 | INFO     | __main__:batch:313 - 批次完成 (400/3200), 暂停 5s...
2026-06-05 16:33:26.821 | INFO     | __main__:batch:307 - [500/3200] 进度: 498 成功, 2 失败
2026-06-05 16:33:26.953 | INFO     | __main__:batch:313 - 批次完成 (500/3200), 暂停 5s...
2026-06-05 16:33:48.776 | WARNING  | __main__:batch:286 - [554/3200] 600193.SH: 无数据
2026-06-05 16:34:02.963 | INFO     | __main__:batch:307 - [600/3200] 进度: 597 成功, 3 失败
2026-06-05 16:34:03.191 | INFO     | __main__:batch:313 - 批次完成 (600/3200), 暂停 5s...
2026-06-05 16:34:39.128 | INFO     | __main__:batch:307 - [700/3200] 进度: 697 成功, 3 失败
2026-06-05 16:34:39.315 | INFO     | __main__:batch:313 - 批次完成 (700/3200), 暂停 5s...
2026-06-05 16:35:15.783 | INFO     | __main__:batch:307 - [800/3200] 进度: 797 成功, 3 失败
2026-06-05 16:35:15.893 | INFO     | __main__:batch:313 - 批次完成 (800/3200), 暂停 5s...
2026-06-05 16:35:39.792 | WARNING  | __main__:batch:286 - [861/3200] 600608.SH: 无数据
2026-06-05 16:35:52.206 | INFO     | __main__:batch:307 - [900/3200] 进度: 896 成功, 4 失败
2026-06-05 16:35:52.417 | INFO     | __main__:batch:313 - 批次完成 (900/3200), 暂停 5s...
2026-06-05 16:36:27.923 | INFO     | __main__:batch:307 - [1000/3200] 进度: 996 成功, 4 失败
2026-06-05 16:36:28.136 | INFO     | __main__:batch:313 - 批次完成 (1000/3200), 暂停 5s...
2026-06-05 16:37:03.932 | INFO     | __main__:batch:307 - [1100/3200] 进度: 1096 成功, 4 失败
2026-06-05 16:37:04.078 | INFO     | __main__:batch:313 - 批次完成 (1100/3200), 暂停 5s...
2026-06-05 16:37:40.184 | INFO     | __main__:batch:307 - [1200/3200] 进度: 1196 成功, 4 失败
2026-06-05 16:37:40.287 | INFO     | __main__:batch:313 - 批次完成 (1200/3200), 暂停 5s...
2026-06-05 16:38:16.030 | INFO     | __main__:batch:307 - [1300/3200] 进度: 1296 成功, 4 失败
2026-06-05 16:38:16.255 | INFO     | __main__:batch:313 - 批次完成 (1300/3200), 暂停 5s...
2026-06-05 16:38:52.987 | INFO     | __main__:batch:307 - [1400/3200] 进度: 1396 成功, 4 失败
2026-06-05 16:38:53.231 | INFO     | __main__:batch:313 - 批次完成 (1400/3200), 暂停 5s...
2026-06-05 16:39:29.017 | INFO     | __main__:batch:307 - [1500/3200] 进度: 1496 成功, 4 失败
2026-06-05 16:39:29.123 | INFO     | __main__:batch:313 - 批次完成 (1500/3200), 暂停 5s...
2026-06-05 16:40:05.351 | INFO     | __main__:batch:307 - [1600/3200] 进度: 1596 成功, 4 失败
2026-06-05 16:40:05.602 | INFO     | __main__:batch:313 - 批次完成 (1600/3200), 暂停 5s...
2026-06-08 16:40:37.850 | INFO     | __main__:batch:270 - 批量下载: 3200 只股票, 20260601~20260608, 每批100只, 间隔5s, 超时30s, 重试3次
2026-06-08 16:40:38.872 | WARNING  | __main__:batch:286 - [3/3200] 000004.SZ: 无数据
2026-06-08 16:58:06.856 | INFO     | __main__:batch:307 - [100/3200] 进度: 99 成功, 1 失败
2026-06-08 16:58:07.029 | INFO     | __main__:batch:313 - 批次完成 (100/3200), 暂停 5s...
2026-06-08 16:58:40.391 | WARNING  | __main__:batch:286 - [187/3200] 000638.SZ: 无数据
2026-06-08 16:58:44.870 | INFO     | __main__:batch:307 - [200/3200] 进度: 198 成功, 2 失败
2026-06-08 16:58:45.118 | INFO     | __main__:batch:313 - 批次完成 (200/3200), 暂停 5s...
2026-06-08 16:59:24.695 | INFO     | __main__:batch:307 - [300/3200] 进度: 298 成功, 2 失败
2026-06-08 16:59:24.942 | INFO     | __main__:batch:313 - 批次完成 (300/3200), 暂停 5s...
2026-06-08 17:00:00.330 | INFO     | __main__:batch:307 - [400/3200] 进度: 398 成功, 2 失败
2026-06-08 17:00:00.504 | INFO     | __main__:batch:313 - 批次完成 (400/3200), 暂停 5s...
2026-06-08 17:00:36.515 | INFO     | __main__:batch:307 - [500/3200] 进度: 498 成功, 2 失败
2026-06-08 17:00:36.663 | INFO     | __main__:batch:313 - 批次完成 (500/3200), 暂停 5s...
2026-06-08 17:01:10.763 | INFO     | __main__:batch:307 - [600/3200] 进度: 598 成功, 2 失败
2026-06-08 17:01:10.888 | INFO     | __main__:batch:313 - 批次完成 (600/3200), 暂停 5s...
2026-06-08 17:01:44.928 | INFO     | __main__:batch:307 - [700/3200] 进度: 698 成功, 2 失败
2026-06-08 17:01:45.102 | INFO     | __main__:batch:313 - 批次完成 (700/3200), 暂停 5s...
2026-06-08 17:02:18.745 | INFO     | __main__:batch:307 - [800/3200] 进度: 798 成功, 2 失败
2026-06-08 17:02:18.920 | INFO     | __main__:batch:313 - 批次完成 (800/3200), 暂停 5s...
2026-06-08 17:02:53.537 | INFO     | __main__:batch:307 - [900/3200] 进度: 898 成功, 2 失败
2026-06-08 17:02:53.706 | INFO     | __main__:batch:313 - 批次完成 (900/3200), 暂停 5s...
2026-06-08 17:03:28.511 | INFO     | __main__:batch:307 - [1000/3200] 进度: 998 成功, 2 失败
2026-06-08 17:03:28.686 | INFO     | __main__:batch:313 - 批次完成 (1000/3200), 暂停 5s...
2026-06-08 17:04:03.169 | INFO     | __main__:batch:307 - [1100/3200] 进度: 1098 成功, 2 失败
2026-06-08 17:04:03.289 | INFO     | __main__:batch:313 - 批次完成 (1100/3200), 暂停 5s...
2026-06-08 17:04:37.765 | INFO     | __main__:batch:307 - [1200/3200] 进度: 1198 成功, 2 失败
2026-06-08 17:04:37.940 | INFO     | __main__:batch:313 - 批次完成 (1200/3200), 暂停 5s...
2026-06-08 17:05:12.521 | INFO     | __main__:batch:307 - [1300/3200] 进度: 1298 成功, 2 失败
2026-06-08 17:05:12.666 | INFO     | __main__:batch:313 - 批次完成 (1300/3200), 暂停 5s...
2026-06-08 17:05:47.235 | INFO     | __main__:batch:307 - [1400/3200] 进度: 1398 成功, 2 失败
2026-06-08 17:05:47.340 | INFO     | __main__:batch:313 - 批次完成 (1400/3200), 暂停 5s...
2026-06-08 17:06:22.245 | INFO     | __main__:batch:307 - [1500/3200] 进度: 1498 成功, 2 失败
2026-06-08 17:06:22.419 | INFO     | __main__:batch:313 - 批次完成 (1500/3200), 暂停 5s...
2026-06-08 17:06:56.804 | INFO     | __main__:batch:307 - [1600/3200] 进度: 1598 成功, 2 失败
2026-06-08 17:06:56.946 | INFO     | __main__:batch:313 - 批次完成 (1600/3200), 暂停 5s...
2026-06-08 17:07:02.712 | WARNING  | __main__:batch:286 - [1603/3200] 002808.SZ: 无数据
2026-06-09 16:42:33.565 | INFO     | __main__:batch:270 - 批量下载: 3200 只股票, 20260602~20260609, 每批100只, 间隔5s, 超时30s, 重试3次
2026-06-09 16:42:34.350 | WARNING  | __main__:batch:286 - [3/3200] 000004.SZ: 无数据
2026-06-09 16:43:02.329 | INFO     | __main__:batch:307 - [100/3200] 进度: 99 成功, 1 失败
2026-06-09 16:43:02.451 | INFO     | __main__:batch:313 - 批次完成 (100/3200), 暂停 5s...
2026-06-09 16:43:34.058 | WARNING  | __main__:batch:286 - [187/3200] 000638.SZ: 无数据
2026-06-09 16:43:38.198 | INFO     | __main__:batch:307 - [200/3200] 进度: 198 成功, 2 失败
2026-06-09 16:43:38.393 | INFO     | __main__:batch:313 - 批次完成 (200/3200), 暂停 5s...
2026-06-09 16:44:17.939 | INFO     | __main__:batch:307 - [300/3200] 进度: 298 成功, 2 失败
2026-06-09 16:44:18.185 | INFO     | __main__:batch:313 - 批次完成 (300/3200), 暂停 5s...
2026-06-09 16:44:58.061 | INFO     | __main__:batch:307 - [400/3200] 进度: 398 成功, 2 失败
2026-06-09 16:44:58.310 | INFO     | __main__:batch:313 - 批次完成 (400/3200), 暂停 5s...
2026-06-09 16:45:39.973 | INFO     | __main__:batch:307 - [500/3200] 进度: 498 成功, 2 失败
2026-06-09 16:45:40.093 | INFO     | __main__:batch:313 - 批次完成 (500/3200), 暂停 5s...
2026-06-09 16:46:18.881 | INFO     | __main__:batch:307 - [600/3200] 进度: 598 成功, 2 失败
2026-06-09 16:46:19.078 | INFO     | __main__:batch:313 - 批次完成 (600/3200), 暂停 5s...
2026-06-09 16:46:56.905 | INFO     | __main__:batch:307 - [700/3200] 进度: 698 成功, 2 失败
2026-06-09 16:46:57.155 | INFO     | __main__:batch:313 - 批次完成 (700/3200), 暂停 5s...
2026-06-09 16:47:33.963 | INFO     | __main__:batch:307 - [800/3200] 进度: 798 成功, 2 失败
2026-06-09 16:47:34.194 | INFO     | __main__:batch:313 - 批次完成 (800/3200), 暂停 5s...
2026-06-09 16:48:11.098 | INFO     | __main__:batch:307 - [900/3200] 进度: 898 成功, 2 失败
2026-06-09 16:48:11.236 | INFO     | __main__:batch:313 - 批次完成 (900/3200), 暂停 5s...
2026-06-09 16:48:48.865 | INFO     | __main__:batch:307 - [1000/3200] 进度: 998 成功, 2 失败
2026-06-09 16:48:49.115 | INFO     | __main__:batch:313 - 批次完成 (1000/3200), 暂停 5s...
2026-06-09 16:49:27.379 | INFO     | __main__:batch:307 - [1100/3200] 进度: 1098 成功, 2 失败
2026-06-09 16:49:27.493 | INFO     | __main__:batch:313 - 批次完成 (1100/3200), 暂停 5s...
2026-06-09 16:50:05.561 | INFO     | __main__:batch:307 - [1200/3200] 进度: 1198 成功, 2 失败
2026-06-09 16:50:05.810 | INFO     | __main__:batch:313 - 批次完成 (1200/3200), 暂停 5s...
2026-06-09 16:50:43.976 | INFO     | __main__:batch:307 - [1300/3200] 进度: 1298 成功, 2 失败
2026-06-09 16:50:44.094 | INFO     | __main__:batch:313 - 批次完成 (1300/3200), 暂停 5s...
2026-06-09 16:51:21.237 | INFO     | __main__:batch:307 - [1400/3200] 进度: 1398 成功, 2 失败
2026-06-09 16:51:21.488 | INFO     | __main__:batch:313 - 批次完成 (1400/3200), 暂停 5s...
2026-06-09 16:51:59.379 | INFO     | __main__:batch:307 - [1500/3200] 进度: 1498 成功, 2 失败
2026-06-09 16:51:59.624 | INFO     | __main__:batch:313 - 批次完成 (1500/3200), 暂停 5s...
2026-06-10 16:30:31.707 | INFO     | __main__:batch:270 - 批量下载: 3200 只股票, 20260603~20260610, 每批100只, 间隔5s, 超时30s, 重试3次
2026-06-10 16:30:32.445 | WARNING  | __main__:batch:286 - [3/3200] 000004.SZ: 无数据
2026-06-10 16:31:14.168 | INFO     | __main__:batch:307 - [100/3200] 进度: 99 成功, 1 失败
2026-06-10 16:31:14.343 | INFO     | __main__:batch:313 - 批次完成 (100/3200), 暂停 5s...
2026-06-10 16:31:53.446 | WARNING  | __main__:batch:286 - [187/3200] 000638.SZ: 无数据
2026-06-10 16:31:58.334 | INFO     | __main__:batch:307 - [200/3200] 进度: 198 成功, 2 失败
2026-06-10 16:31:58.435 | INFO     | __main__:batch:313 - 批次完成 (200/3200), 暂停 5s...
2026-06-10 16:32:42.137 | INFO     | __main__:batch:307 - [300/3200] 进度: 298 成功, 2 失败
2026-06-10 16:32:42.242 | INFO     | __main__:batch:313 - 批次完成 (300/3200), 暂停 5s...
2026-06-10 16:33:22.842 | INFO     | __main__:batch:307 - [400/3200] 进度: 398 成功, 2 失败
2026-06-10 16:33:23.014 | INFO     | __main__:batch:313 - 批次完成 (400/3200), 暂停 5s...
2026-06-10 16:33:57.385 | INFO     | __main__:batch:307 - [500/3200] 进度: 498 成功, 2 失败
2026-06-10 16:33:57.560 | INFO     | __main__:batch:313 - 批次完成 (500/3200), 暂停 5s...
2026-06-10 16:34:31.361 | INFO     | __main__:batch:307 - [600/3200] 进度: 598 成功, 2 失败
2026-06-10 16:34:31.532 | INFO     | __main__:batch:313 - 批次完成 (600/3200), 暂停 5s...
2026-06-10 16:35:06.415 | INFO     | __main__:batch:307 - [700/3200] 进度: 698 成功, 2 失败
2026-06-10 16:35:06.524 | INFO     | __main__:batch:313 - 批次完成 (700/3200), 暂停 5s...
2026-06-10 16:35:40.497 | INFO     | __main__:batch:307 - [800/3200] 进度: 798 成功, 2 失败
2026-06-10 16:35:40.671 | INFO     | __main__:batch:313 - 批次完成 (800/3200), 暂停 5s...
2026-06-10 16:36:14.636 | INFO     | __main__:batch:307 - [900/3200] 进度: 898 成功, 2 失败
2026-06-10 16:36:14.752 | INFO     | __main__:batch:313 - 批次完成 (900/3200), 暂停 5s...
2026-06-10 16:36:49.389 | INFO     | __main__:batch:307 - [1000/3200] 进度: 998 成功, 2 失败
2026-06-10 16:36:49.562 | INFO     | __main__:batch:313 - 批次完成 (1000/3200), 暂停 5s...
2026-06-10 16:37:23.834 | INFO     | __main__:batch:307 - [1100/3200] 进度: 1098 成功, 2 失败
2026-06-10 16:37:23.941 | INFO     | __main__:batch:313 - 批次完成 (1100/3200), 暂停 5s...
2026-06-10 16:37:58.639 | INFO     | __main__:batch:307 - [1200/3200] 进度: 1198 成功, 2 失败
2026-06-10 16:37:58.768 | INFO     | __main__:batch:313 - 批次完成 (1200/3200), 暂停 5s...
2026-06-10 16:38:33.405 | INFO     | __main__:batch:307 - [1300/3200] 进度: 1298 成功, 2 失败
2026-06-10 16:38:33.523 | INFO     | __main__:batch:313 - 批次完成 (1300/3200), 暂停 5s...
2026-06-10 16:39:07.846 | INFO     | __main__:batch:307 - [1400/3200] 进度: 1398 成功, 2 失败
2026-06-10 16:39:07.998 | INFO     | __main__:batch:313 - 批次完成 (1400/3200), 暂停 5s...
2026-06-10 16:39:42.302 | INFO     | __main__:batch:307 - [1500/3200] 进度: 1498 成功, 2 失败
2026-06-10 16:39:42.472 | INFO     | __main__:batch:313 - 批次完成 (1500/3200), 暂停 5s...
2026-06-10 16:40:16.668 | INFO     | __main__:batch:307 - [1600/3200] 进度: 1598 成功, 2 失败
2026-06-10 16:40:16.778 | INFO     | __main__:batch:313 - 批次完成 (1600/3200), 暂停 5s...
2026-06-10 16:40:22.538 | WARNING  | __main__:batch:286 - [1603/3200] 002808.SZ: 无数据
2026-06-11 16:30:42.485 | INFO     | __main__:batch:270 - 批量下载: 3200 只股票, 20260604~20260611, 每批100只, 间隔5s, 超时30s, 重试3次
2026-06-11 16:30:43.224 | WARNING  | __main__:batch:286 - [3/3200] 000004.SZ: 无数据
2026-06-11 16:31:12.311 | INFO     | __main__:batch:307 - [100/3200] 进度: 99 成功, 1 失败
2026-06-11 16:31:12.484 | INFO     | __main__:batch:313 - 批次完成 (100/3200), 暂停 5s...
2026-06-11 16:31:43.680 | WARNING  | __main__:batch:286 - [187/3200] 000638.SZ: 无数据
2026-06-11 16:31:47.475 | INFO     | __main__:batch:307 - [200/3200] 进度: 198 成功, 2 失败
2026-06-11 16:31:47.604 | INFO     | __main__:batch:313 - 批次完成 (200/3200), 暂停 5s...
2026-06-11 16:32:23.415 | INFO     | __main__:batch:307 - [300/3200] 进度: 298 成功, 2 失败
2026-06-11 16:32:23.588 | INFO     | __main__:batch:313 - 批次完成 (300/3200), 暂停 5s...
2026-06-11 16:32:59.042 | INFO     | __main__:batch:307 - [400/3200] 进度: 398 成功, 2 失败
2026-06-11 16:32:59.215 | INFO     | __main__:batch:313 - 批次完成 (400/3200), 暂停 5s...
2026-06-11 16:33:36.317 | INFO     | __main__:batch:307 - [500/3200] 进度: 498 成功, 2 失败
2026-06-11 16:33:36.471 | INFO     | __main__:batch:313 - 批次完成 (500/3200), 暂停 5s...
2026-06-11 16:34:15.049 | INFO     | __main__:batch:307 - [600/3200] 进度: 598 成功, 2 失败
2026-06-11 16:34:15.202 | INFO     | __main__:batch:313 - 批次完成 (600/3200), 暂停 5s...
2026-06-11 16:34:54.835 | INFO     | __main__:batch:307 - [700/3200] 进度: 698 成功, 2 失败
2026-06-11 16:34:55.085 | INFO     | __main__:batch:313 - 批次完成 (700/3200), 暂停 5s...
2026-06-11 16:35:35.133 | INFO     | __main__:batch:307 - [800/3200] 进度: 798 成功, 2 失败
2026-06-11 16:35:35.303 | INFO     | __main__:batch:313 - 批次完成 (800/3200), 暂停 5s...
2026-06-11 16:36:27.569 | INFO     | __main__:batch:307 - [900/3200] 进度: 898 成功, 2 失败
2026-06-11 16:36:27.816 | INFO     | __main__:batch:313 - 批次完成 (900/3200), 暂停 5s...
2026-06-11 16:37:11.934 | INFO     | __main__:batch:307 - [1000/3200] 进度: 998 成功, 2 失败
2026-06-11 16:37:12.134 | INFO     | __main__:batch:313 - 批次完成 (1000/3200), 暂停 5s...
2026-06-11 16:38:00.167 | INFO     | __main__:batch:307 - [1100/3200] 进度: 1098 成功, 2 失败
2026-06-11 16:38:00.417 | INFO     | __main__:batch:313 - 批次完成 (1100/3200), 暂停 5s...
2026-06-11 16:38:41.532 | INFO     | __main__:batch:307 - [1200/3200] 进度: 1198 成功, 2 失败
2026-06-11 16:38:41.781 | INFO     | __main__:batch:313 - 批次完成 (1200/3200), 暂停 5s...
2026-06-11 16:39:21.349 | INFO     | __main__:batch:307 - [1300/3200] 进度: 1298 成功, 2 失败
2026-06-11 16:39:21.599 | INFO     | __main__:batch:313 - 批次完成 (1300/3200), 暂停 5s...
2026-06-11 16:40:01.981 | INFO     | __main__:batch:307 - [1400/3200] 进度: 1398 成功, 2 失败
2026-06-11 16:40:02.110 | INFO     | __main__:batch:313 - 批次完成 (1400/3200), 暂停 5s...
2026-06-11 18:39:28.173 | INFO     | __main__:batch:270 - 批量下载: 3200 只股票, 20260604~20260611, 每批100只, 间隔5s, 超时30s, 重试3次
2026-06-11 18:39:28.822 | WARNING  | __main__:batch:286 - [3/3200] 000004.SZ: 无数据
2026-06-11 18:39:57.505 | INFO     | __main__:batch:307 - [100/3200] 进度: 99 成功, 1 失败
2026-06-11 18:39:57.626 | INFO     | __main__:batch:313 - 批次完成 (100/3200), 暂停 5s...
2026-06-11 18:40:27.323 | WARNING  | __main__:batch:286 - [187/3200] 000638.SZ: 无数据
2026-06-11 18:40:31.420 | INFO     | __main__:batch:307 - [200/3200] 进度: 198 成功, 2 失败
2026-06-11 18:40:31.571 | INFO     | __main__:batch:313 - 批次完成 (200/3200), 暂停 5s...
2026-06-11 18:41:04.633 | INFO     | __main__:batch:307 - [300/3200] 进度: 298 成功, 2 失败
2026-06-11 18:41:04.803 | INFO     | __main__:batch:313 - 批次完成 (300/3200), 暂停 5s...
2026-06-11 18:41:37.551 | INFO     | __main__:batch:307 - [400/3200] 进度: 398 成功, 2 失败
2026-06-11 18:41:37.686 | INFO     | __main__:batch:313 - 批次完成 (400/3200), 暂停 5s...
2026-06-11 18:42:11.517 | INFO     | __main__:batch:307 - [500/3200] 进度: 498 成功, 2 失败
2026-06-11 18:42:11.622 | INFO     | __main__:batch:313 - 批次完成 (500/3200), 暂停 5s...
2026-06-11 18:42:45.711 | INFO     | __main__:batch:307 - [600/3200] 进度: 598 成功, 2 失败
2026-06-11 18:42:45.866 | INFO     | __main__:batch:313 - 批次完成 (600/3200), 暂停 5s...
2026-06-11 18:43:03.233 | INFO     | __main__:update:342 - 增量更新: 3200 只股票, 拉取最近 7 天 (实际 20260530~20260611), 每批100只
2026-06-11 18:43:19.890 | INFO     | __main__:batch:307 - [700/3200] 进度: 698 成功, 2 失败
2026-06-11 18:43:20.006 | INFO     | __main__:batch:313 - 批次完成 (700/3200), 暂停 5s...
2026-06-11 18:43:32.572 | INFO     | __main__:update:377 - 批次完成 (100/3200), 新增 0 行, 暂停 5s...
2026-06-11 18:43:53.997 | INFO     | __main__:batch:307 - [800/3200] 进度: 798 成功, 2 失败
2026-06-11 18:43:54.169 | INFO     | __main__:batch:313 - 批次完成 (800/3200), 暂停 5s...
2026-06-11 18:44:06.265 | INFO     | __main__:update:377 - 批次完成 (200/3200), 新增 0 行, 暂停 5s...
2026-06-11 18:44:28.591 | INFO     | __main__:batch:307 - [900/3200] 进度: 898 成功, 2 失败
2026-06-11 18:44:28.823 | INFO     | __main__:batch:313 - 批次完成 (900/3200), 暂停 5s...
2026-06-11 18:44:41.501 | INFO     | __main__:update:377 - 批次完成 (300/3200), 新增 0 行, 暂停 5s...
2026-06-11 18:45:05.816 | INFO     | __main__:batch:307 - [1000/3200] 进度: 998 成功, 2 失败
2026-06-11 18:45:05.922 | INFO     | __main__:batch:313 - 批次完成 (1000/3200), 暂停 5s...
2026-06-11 18:45:19.740 | INFO     | __main__:update:377 - 批次完成 (400/3200), 新增 0 行, 暂停 5s...
2026-06-11 18:45:42.030 | INFO     | __main__:batch:307 - [1100/3200] 进度: 1098 成功, 2 失败
2026-06-11 18:45:42.132 | INFO     | __main__:batch:313 - 批次完成 (1100/3200), 暂停 5s...
2026-06-11 18:45:55.570 | INFO     | __main__:update:377 - 批次完成 (500/3200), 新增 0 行, 暂停 5s...
2026-06-11 18:46:18.348 | INFO     | __main__:batch:307 - [1200/3200] 进度: 1198 成功, 2 失败
2026-06-11 18:46:18.512 | INFO     | __main__:batch:313 - 批次完成 (1200/3200), 暂停 5s...
2026-06-11 18:46:31.158 | INFO     | __main__:update:377 - 批次完成 (600/3200), 新增 0 行, 暂停 5s...
2026-06-11 18:46:54.052 | INFO     | __main__:batch:307 - [1300/3200] 进度: 1298 成功, 2 失败
2026-06-11 18:46:54.155 | INFO     | __main__:batch:313 - 批次完成 (1300/3200), 暂停 5s...
2026-06-11 18:47:06.280 | INFO     | __main__:update:377 - 批次完成 (700/3200), 新增 0 行, 暂停 5s...
2026-06-11 18:47:29.166 | INFO     | __main__:batch:307 - [1400/3200] 进度: 1398 成功, 2 失败
2026-06-11 18:47:29.267 | INFO     | __main__:batch:313 - 批次完成 (1400/3200), 暂停 5s...
2026-06-11 18:47:41.910 | INFO     | __main__:update:377 - 批次完成 (800/3200), 新增 0 行, 暂停 5s...
2026-06-11 18:48:04.699 | INFO     | __main__:batch:307 - [1500/3200] 进度: 1498 成功, 2 失败
2026-06-11 18:48:04.941 | INFO     | __main__:batch:313 - 批次完成 (1500/3200), 暂停 5s...
2026-06-11 18:48:18.318 | INFO     | __main__:update:377 - 批次完成 (900/3200), 新增 0 行, 暂停 5s...
2026-06-11 18:48:39.266 | INFO     | __main__:batch:307 - [1600/3200] 进度: 1598 成功, 2 失败
2026-06-11 18:48:39.409 | INFO     | __main__:batch:313 - 批次完成 (1600/3200), 暂停 5s...
2026-06-11 18:48:45.272 | WARNING  | __main__:batch:286 - [1603/3200] 002808.SZ: 无数据
2026-06-11 18:48:52.502 | INFO     | __main__:update:377 - 批次完成 (1000/3200), 新增 0 行, 暂停 5s...
2026-06-11 18:49:14.335 | INFO     | __main__:batch:307 - [1700/3200] 进度: 1697 成功, 3 失败
2026-06-11 18:49:14.466 | INFO     | __main__:batch:313 - 批次完成 (1700/3200), 暂停 5s...
2026-06-11 18:49:28.158 | INFO     | __main__:update:377 - 批次完成 (1100/3200), 新增 0 行, 暂停 5s...
2026-06-11 18:50:06.449 | INFO     | __main__:update:377 - 批次完成 (1200/3200), 新增 0 行, 暂停 5s...
2026-06-11 18:50:41.004 | INFO     | __main__:update:377 - 批次完成 (1300/3200), 新增 0 行, 暂停 5s...
2026-06-11 18:51:18.421 | INFO     | __main__:update:377 - 批次完成 (1400/3200), 新增 0 行, 暂停 5s...
2026-06-11 18:51:54.459 | INFO     | __main__:update:377 - 批次完成 (1500/3200), 新增 0 行, 暂停 5s...
2026-06-11 18:52:30.091 | INFO     | __main__:update:377 - 批次完成 (1600/3200), 新增 0 行, 暂停 5s...
2026-06-12 04:19:25.287 | INFO     | __main__:update:342 - 增量更新: 3200 只股票, 拉取最近 7 天 (实际 20260531~20260612), 每批100只
2026-06-12 04:19:56.979 | INFO     | __main__:update:377 - 批次完成 (100/3200), 新增 0 行, 暂停 5s...
2026-06-12 04:20:32.548 | INFO     | __main__:update:377 - 批次完成 (200/3200), 新增 0 行, 暂停 5s...
2026-06-12 04:21:07.802 | INFO     | __main__:update:377 - 批次完成 (300/3200), 新增 0 行, 暂停 5s...
2026-06-12 04:21:42.978 | INFO     | __main__:update:377 - 批次完成 (400/3200), 新增 0 行, 暂停 5s...
2026-06-12 04:22:19.465 | INFO     | __main__:update:377 - 批次完成 (500/3200), 新增 0 行, 暂停 5s...
2026-06-12 04:22:54.855 | INFO     | __main__:update:377 - 批次完成 (600/3200), 新增 0 行, 暂停 5s...
2026-06-12 04:23:29.938 | INFO     | __main__:update:377 - 批次完成 (700/3200), 新增 0 行, 暂停 5s...
2026-06-12 04:24:06.383 | INFO     | __main__:update:377 - 批次完成 (800/3200), 新增 0 行, 暂停 5s...
2026-06-12 04:24:43.845 | INFO     | __main__:update:377 - 批次完成 (900/3200), 新增 0 行, 暂停 5s...
2026-06-12 04:25:21.146 | INFO     | __main__:update:377 - 批次完成 (1000/3200), 新增 0 行, 暂停 5s...
2026-06-12 04:25:58.664 | INFO     | __main__:update:377 - 批次完成 (1100/3200), 新增 0 行, 暂停 5s...
2026-06-12 04:26:35.487 | INFO     | __main__:update:377 - 批次完成 (1200/3200), 新增 0 行, 暂停 5s...
2026-06-12 04:27:12.479 | INFO     | __main__:update:377 - 批次完成 (1300/3200), 新增 0 行, 暂停 5s...
2026-06-12 04:27:49.636 | INFO     | __main__:update:377 - 批次完成 (1400/3200), 新增 0 行, 暂停 5s...
2026-06-12 04:28:27.779 | INFO     | __main__:update:377 - 批次完成 (1500/3200), 新增 0 行, 暂停 5s...
2026-06-12 04:29:04.908 | INFO     | __main__:update:377 - 批次完成 (1600/3200), 新增 0 行, 暂停 5s...
2026-06-12 04:29:41.958 | INFO     | __main__:update:377 - 批次完成 (1700/3200), 新增 39 行, 暂停 5s...
2026-06-12 16:30:21.880 | INFO     | __main__:update:342 - 增量更新: 3200 只股票, 拉取最近 7 天 (实际 20260531~20260612), 每批100只
2026-06-12 16:31:11.877 | INFO     | __main__:update:377 - 批次完成 (100/3200), 新增 99 行, 暂停 5s...
2026-06-12 16:31:56.207 | INFO     | __main__:update:377 - 批次完成 (200/3200), 新增 198 行, 暂停 5s...
2026-06-12 16:32:37.033 | INFO     | __main__:update:377 - 批次完成 (300/3200), 新增 298 行, 暂停 5s...
2026-06-12 16:33:17.352 | INFO     | __main__:update:377 - 批次完成 (400/3200), 新增 398 行, 暂停 5s...
2026-06-12 16:33:54.398 | INFO     | __main__:update:377 - 批次完成 (500/3200), 新增 498 行, 暂停 5s...
2026-06-12 16:34:30.726 | INFO     | __main__:update:377 - 批次完成 (600/3200), 新增 598 行, 暂停 5s...
2026-06-12 16:35:08.379 | INFO     | __main__:update:377 - 批次完成 (700/3200), 新增 698 行, 暂停 5s...
2026-06-12 16:35:45.185 | INFO     | __main__:update:377 - 批次完成 (800/3200), 新增 798 行, 暂停 5s...
2026-06-12 16:36:24.080 | INFO     | __main__:update:377 - 批次完成 (900/3200), 新增 898 行, 暂停 5s...
2026-06-12 16:37:01.186 | INFO     | __main__:update:377 - 批次完成 (1000/3200), 新增 997 行, 暂停 5s...
2026-06-12 16:37:38.801 | INFO     | __main__:update:377 - 批次完成 (1100/3200), 新增 1097 行, 暂停 5s...
2026-06-12 16:38:15.988 | INFO     | __main__:update:377 - 批次完成 (1200/3200), 新增 1196 行, 暂停 5s...
2026-06-12 16:38:52.701 | INFO     | __main__:update:377 - 批次完成 (1300/3200), 新增 1296 行, 暂停 5s...
2026-06-12 16:39:29.633 | INFO     | __main__:update:377 - 批次完成 (1400/3200), 新增 1395 行, 暂停 5s...
2026-06-12 16:40:07.398 | INFO     | __main__:update:377 - 批次完成 (1500/3200), 新增 1495 行, 暂停 5s...
2026-06-12 16:40:45.026 | INFO     | __main__:update:377 - 批次完成 (1600/3200), 新增 1595 行, 暂停 5s...
2026-06-12 16:41:22.272 | INFO     | __main__:update:377 - 批次完成 (1700/3200), 新增 1693 行, 暂停 5s...
2026-06-12 16:42:00.399 | INFO     | __main__:update:377 - 批次完成 (1800/3200), 新增 1910 行, 暂停 5s...
2026-06-12 16:42:38.224 | INFO     | __main__:update:377 - 批次完成 (1900/3200), 新增 2910 行, 暂停 5s...
2026-06-12 16:43:15.406 | INFO     | __main__:update:377 - 批次完成 (2000/3200), 新增 3910 行, 暂停 5s...
2026-06-12 16:43:56.329 | INFO     | __main__:update:377 - 批次完成 (2100/3200), 新增 4910 行, 暂停 5s...
2026-06-12 16:48:29.717 | INFO     | __main__:update:377 - 批次完成 (2200/3200), 新增 5910 行, 暂停 5s...
2026-06-12 16:49:34.963 | INFO     | __main__:update:377 - 批次完成 (2300/3200), 新增 6900 行, 暂停 5s...
2026-06-15 16:30:16.026 | INFO     | __main__:update:342 - 增量更新: 3200 只股票, 拉取最近 7 天 (实际 20260603~20260615), 每批100只
2026-06-15 16:31:09.600 | INFO     | __main__:update:377 - 批次完成 (100/3200), 新增 99 行, 暂停 5s...
2026-06-15 16:32:14.314 | INFO     | __main__:update:377 - 批次完成 (200/3200), 新增 198 行, 暂停 5s...
2026-06-15 16:33:12.405 | INFO     | __main__:update:377 - 批次完成 (300/3200), 新增 298 行, 暂停 5s...
2026-06-15 16:33:49.455 | INFO     | __main__:update:377 - 批次完成 (400/3200), 新增 397 行, 暂停 5s...
2026-06-15 16:34:26.820 | INFO     | __main__:update:377 - 批次完成 (500/3200), 新增 497 行, 暂停 5s...
2026-06-15 16:35:04.072 | INFO     | __main__:update:377 - 批次完成 (600/3200), 新增 597 行, 暂停 5s...
2026-06-15 16:35:41.831 | INFO     | __main__:update:377 - 批次完成 (700/3200), 新增 697 行, 暂停 5s...
2026-06-15 16:36:20.421 | INFO     | __main__:update:377 - 批次完成 (800/3200), 新增 797 行, 暂停 5s...
2026-06-15 16:36:58.004 | INFO     | __main__:update:377 - 批次完成 (900/3200), 新增 897 行, 暂停 5s...
2026-06-15 16:37:36.036 | INFO     | __main__:update:377 - 批次完成 (1000/3200), 新增 995 行, 暂停 5s...
2026-06-15 16:38:13.977 | INFO     | __main__:update:377 - 批次完成 (1100/3200), 新增 1095 行, 暂停 5s...
2026-06-15 16:38:51.126 | INFO     | __main__:update:377 - 批次完成 (1200/3200), 新增 1195 行, 暂停 5s...
2026-06-15 16:39:28.582 | INFO     | __main__:update:377 - 批次完成 (1300/3200), 新增 1295 行, 暂停 5s...
2026-06-15 16:40:04.935 | INFO     | __main__:update:377 - 批次完成 (1400/3200), 新增 1394 行, 暂停 5s...
2026-06-15 16:40:40.484 | INFO     | __main__:update:377 - 批次完成 (1500/3200), 新增 1494 行, 暂停 5s...
2026-06-15 16:41:17.123 | INFO     | __main__:update:377 - 批次完成 (1600/3200), 新增 1594 行, 暂停 5s...
2026-06-15 16:41:54.048 | INFO     | __main__:update:377 - 批次完成 (1700/3200), 新增 1693 行, 暂停 5s...
2026-06-15 16:42:32.305 | INFO     | __main__:update:377 - 批次完成 (1800/3200), 新增 1793 行, 暂停 5s...
2026-06-15 16:43:09.932 | INFO     | __main__:update:377 - 批次完成 (1900/3200), 新增 1893 行, 暂停 5s...
2026-06-15 16:43:47.904 | INFO     | __main__:update:377 - 批次完成 (2000/3200), 新增 1993 行, 暂停 5s...
2026-06-15 16:44:25.678 | INFO     | __main__:update:377 - 批次完成 (2100/3200), 新增 2093 行, 暂停 5s...
2026-06-15 16:45:03.227 | INFO     | __main__:update:377 - 批次完成 (2200/3200), 新增 2192 行, 暂停 5s...
2026-06-16 16:30:44.220 | INFO     | __main__:update:342 - 增量更新: 3200 只股票, 拉取最近 7 天 (实际 20260604~20260616), 每批100只
2026-06-16 16:32:02.010 | INFO     | __main__:update:377 - 批次完成 (100/3200), 新增 99 行, 暂停 5s...
2026-06-16 16:33:10.681 | INFO     | __main__:update:377 - 批次完成 (200/3200), 新增 198 行, 暂停 5s...
2026-06-16 16:33:48.250 | INFO     | __main__:update:377 - 批次完成 (300/3200), 新增 298 行, 暂停 5s...
2026-06-16 16:34:25.580 | INFO     | __main__:update:377 - 批次完成 (400/3200), 新增 398 行, 暂停 5s...
2026-06-16 16:35:03.488 | INFO     | __main__:update:377 - 批次完成 (500/3200), 新增 498 行, 暂停 5s...
2026-06-16 16:35:40.559 | INFO     | __main__:update:377 - 批次完成 (600/3200), 新增 598 行, 暂停 5s...
2026-06-16 16:36:16.975 | INFO     | __main__:update:377 - 批次完成 (700/3200), 新增 698 行, 暂停 5s...
2026-06-16 16:36:55.266 | INFO     | __main__:update:377 - 批次完成 (800/3200), 新增 798 行, 暂停 5s...
2026-06-16 16:37:32.665 | INFO     | __main__:update:377 - 批次完成 (900/3200), 新增 898 行, 暂停 5s...
2026-06-16 16:38:11.149 | INFO     | __main__:update:377 - 批次完成 (1000/3200), 新增 997 行, 暂停 5s...
2026-06-16 16:38:48.401 | INFO     | __main__:update:377 - 批次完成 (1100/3200), 新增 1097 行, 暂停 5s...
2026-06-16 16:39:25.656 | INFO     | __main__:update:377 - 批次完成 (1200/3200), 新增 1197 行, 暂停 5s...
2026-06-16 16:40:02.535 | INFO     | __main__:update:377 - 批次完成 (1300/3200), 新增 1297 行, 暂停 5s...
2026-06-16 16:40:40.995 | INFO     | __main__:update:377 - 批次完成 (1400/3200), 新增 1397 行, 暂停 5s...
2026-06-16 16:41:18.510 | INFO     | __main__:update:377 - 批次完成 (1500/3200), 新增 1497 行, 暂停 5s...
2026-06-16 16:41:56.211 | INFO     | __main__:update:377 - 批次完成 (1600/3200), 新增 1597 行, 暂停 5s...
2026-06-16 16:42:34.057 | INFO     | __main__:update:377 - 批次完成 (1700/3200), 新增 1696 行, 暂停 5s...
2026-06-16 16:43:11.670 | INFO     | __main__:update:377 - 批次完成 (1800/3200), 新增 1796 行, 暂停 5s...
2026-06-16 16:43:49.139 | INFO     | __main__:update:377 - 批次完成 (1900/3200), 新增 1896 行, 暂停 5s...
2026-06-16 16:44:26.480 | INFO     | __main__:update:377 - 批次完成 (2000/3200), 新增 1996 行, 暂停 5s...
2026-06-16 16:45:03.798 | INFO     | __main__:update:377 - 批次完成 (2100/3200), 新增 2096 行, 暂停 5s...
2026-06-16 16:45:42.545 | INFO     | __main__:update:377 - 批次完成 (2200/3200), 新增 2195 行, 暂停 5s...
2026-06-17 16:34:33.780 | INFO     | __main__:update:342 - 增量更新: 3200 只股票, 拉取最近 7 天 (实际 20260605~20260617), 每批100只
2026-06-17 16:35:08.488 | INFO     | __main__:update:377 - 批次完成 (100/3200), 新增 99 行, 暂停 5s...
2026-06-17 16:35:49.588 | INFO     | __main__:update:377 - 批次完成 (200/3200), 新增 198 行, 暂停 5s...
2026-06-17 16:36:30.245 | INFO     | __main__:update:377 - 批次完成 (300/3200), 新增 298 行, 暂停 5s...
2026-06-17 16:37:10.788 | INFO     | __main__:update:377 - 批次完成 (400/3200), 新增 398 行, 暂停 5s...
2026-06-17 16:37:51.005 | INFO     | __main__:update:377 - 批次完成 (500/3200), 新增 498 行, 暂停 5s...
2026-06-17 16:38:29.643 | INFO     | __main__:update:377 - 批次完成 (600/3200), 新增 597 行, 暂停 5s...
2026-06-17 16:39:09.096 | INFO     | __main__:update:377 - 批次完成 (700/3200), 新增 697 行, 暂停 5s...
2026-06-17 16:39:48.478 | INFO     | __main__:update:377 - 批次完成 (800/3200), 新增 797 行, 暂停 5s...
2026-06-17 16:40:28.146 | INFO     | __main__:update:377 - 批次完成 (900/3200), 新增 897 行, 暂停 5s...
2026-06-17 16:41:06.992 | INFO     | __main__:update:377 - 批次完成 (1000/3200), 新增 996 行, 暂停 5s...
2026-06-17 16:41:47.014 | INFO     | __main__:update:377 - 批次完成 (1100/3200), 新增 1096 行, 暂停 5s...
2026-06-17 16:42:28.010 | INFO     | __main__:update:377 - 批次完成 (1200/3200), 新增 1196 行, 暂停 5s...
2026-06-17 16:43:07.747 | INFO     | __main__:update:377 - 批次完成 (1300/3200), 新增 1296 行, 暂停 5s...
2026-06-17 16:43:47.001 | INFO     | __main__:update:377 - 批次完成 (1400/3200), 新增 1396 行, 暂停 5s...
2026-06-17 16:44:26.890 | INFO     | __main__:update:377 - 批次完成 (1500/3200), 新增 1496 行, 暂停 5s...
2026-06-17 16:45:07.725 | INFO     | __main__:update:377 - 批次完成 (1600/3200), 新增 1596 行, 暂停 5s...
2026-06-17 16:45:47.617 | INFO     | __main__:update:377 - 批次完成 (1700/3200), 新增 1694 行, 暂停 5s...
2026-06-17 16:46:27.848 | INFO     | __main__:update:377 - 批次完成 (1800/3200), 新增 1794 行, 暂停 5s...
2026-06-17 16:47:07.196 | INFO     | __main__:update:377 - 批次完成 (1900/3200), 新增 1894 行, 暂停 5s...
2026-06-17 16:47:47.602 | INFO     | __main__:update:377 - 批次完成 (2000/3200), 新增 1994 行, 暂停 5s...
2026-06-17 16:48:28.102 | INFO     | __main__:update:377 - 批次完成 (2100/3200), 新增 2094 行, 暂停 5s...
2026-06-17 16:49:09.334 | INFO     | __main__:update:377 - 批次完成 (2200/3200), 新增 2193 行, 暂停 5s...
2026-06-18 16:30:13.910 | INFO     | __main__:update:342 - 增量更新: 3200 只股票, 拉取最近 7 天 (实际 20260606~20260618), 每批100只
2026-06-18 16:31:04.928 | INFO     | __main__:update:377 - 批次完成 (100/3200), 新增 99 行, 暂停 5s...
2026-06-18 16:32:04.826 | INFO     | __main__:update:377 - 批次完成 (200/3200), 新增 198 行, 暂停 5s...
2026-06-18 16:32:53.612 | INFO     | __main__:update:377 - 批次完成 (300/3200), 新增 297 行, 暂停 5s...
2026-06-18 16:33:34.038 | INFO     | __main__:update:377 - 批次完成 (400/3200), 新增 397 行, 暂停 5s...
2026-06-18 16:34:11.641 | INFO     | __main__:update:377 - 批次完成 (500/3200), 新增 497 行, 暂停 5s...
2026-06-18 16:34:49.607 | INFO     | __main__:update:377 - 批次完成 (600/3200), 新增 596 行, 暂停 5s...
2026-06-18 16:35:27.930 | INFO     | __main__:update:377 - 批次完成 (700/3200), 新增 696 行, 暂停 5s...
2026-06-18 16:36:05.640 | INFO     | __main__:update:377 - 批次完成 (800/3200), 新增 796 行, 暂停 5s...
2026-06-18 16:36:44.044 | INFO     | __main__:update:377 - 批次完成 (900/3200), 新增 896 行, 暂停 5s...
2026-06-18 16:37:22.847 | INFO     | __main__:update:377 - 批次完成 (1000/3200), 新增 995 行, 暂停 5s...
2026-06-18 16:37:59.925 | INFO     | __main__:update:377 - 批次完成 (1100/3200), 新增 1095 行, 暂停 5s...
2026-06-18 16:38:38.766 | INFO     | __main__:update:377 - 批次完成 (1200/3200), 新增 1195 行, 暂停 5s...
2026-06-18 16:39:16.603 | INFO     | __main__:update:377 - 批次完成 (1300/3200), 新增 1294 行, 暂停 5s...
2026-06-18 16:39:55.233 | INFO     | __main__:update:377 - 批次完成 (1400/3200), 新增 1394 行, 暂停 5s...
2026-06-18 16:40:34.329 | INFO     | __main__:update:377 - 批次完成 (1500/3200), 新增 1494 行, 暂停 5s...
2026-06-18 16:41:12.870 | INFO     | __main__:update:377 - 批次完成 (1600/3200), 新增 1594 行, 暂停 5s...
2026-06-18 16:41:51.670 | INFO     | __main__:update:377 - 批次完成 (1700/3200), 新增 1693 行, 暂停 5s...
2026-06-18 16:42:30.289 | INFO     | __main__:update:377 - 批次完成 (1800/3200), 新增 1793 行, 暂停 5s...
2026-06-18 16:43:08.935 | INFO     | __main__:update:377 - 批次完成 (1900/3200), 新增 1893 行, 暂停 5s...
2026-06-18 16:43:45.841 | INFO     | __main__:update:377 - 批次完成 (2000/3200), 新增 1993 行, 暂停 5s...
2026-06-18 16:44:24.487 | INFO     | __main__:update:377 - 批次完成 (2100/3200), 新增 2093 行, 暂停 5s...
2026-06-18 16:45:03.170 | INFO     | __main__:update:377 - 批次完成 (2200/3200), 新增 2191 行, 暂停 5s...
